<?xml version="1.0" encoding="UTF-8"?>
<!-- Generated by org.testng.reporters.JUnitXMLReporter -->
<testsuite ignored="0" hostname="SWLAP188" failures="0" tests="3" name="Submit Order" time="32.436" errors="0" timestamp="2024-07-31T19:40:46 IST">
  <testcase classname="VidhyaPrakashAutomation.Tests.SubmitOrder" name="submitOrder" time="7.899"/>
  <testcase classname="VidhyaPrakashAutomation.Tests.SubmitOrder" name="submitOrder" time="6.511"/>
  <testcase classname="VidhyaPrakashAutomation.Tests.SubmitOrder" name="orderHistory" time="1.373"/>
</testsuite> <!-- Submit Order -->
