<?xml version="1.0" encoding="UTF-8"?>
<!-- Generated by org.testng.reporters.JUnitXMLReporter -->
<testsuite ignored="0" hostname="SWLAP188" failures="0" tests="3" name="Submit Order" time="51.311" errors="0" timestamp="2024-08-05T15:07:48 IST">
  <testcase classname="VidhyaPrakashAutomation.Tests.SubmitOrder" name="submitOrder" time="17.233"/>
  <testcase classname="VidhyaPrakashAutomation.Tests.SubmitOrder" name="submitOrder" time="17.243"/>
  <testcase classname="VidhyaPrakashAutomation.Tests.SubmitOrder" name="orderHistory" time="1.219"/>
</testsuite> <!-- Submit Order -->
