<?xml version="1.0" encoding="UTF-8"?>
<!-- Generated by org.testng.reporters.JUnitXMLReporter -->
<testsuite ignored="0" hostname="DESKTOP-R0DDCFO" failures="1" tests="2" name="Error Validation" time="10.253" errors="0" timestamp="2024-08-05T13:29:29 IST">
  <testcase classname="VidhyaPrakashAutomation.Tests.ErrorValidationTest" name="loginErrorValidation" time="0.723">
    <skipped/>
  </testcase> <!-- loginErrorValidation -->
  <testcase classname="VidhyaPrakashAutomation.Tests.ErrorValidationTest" name="loginErrorValidation" time="2.582">
    <failure type="java.lang.AssertionError" message="expected [Incorrect email or password.] but found [Incorrect email password.]">
      <![CDATA[java.lang.AssertionError: expected [Incorrect email or password.] but found [Incorrect email password.]
at VidhyaPrakashAutomation.Tests.ErrorValidationTest.loginErrorValidation(ErrorValidationTest.java:43)
at java.base/java.util.ArrayList.forEach(ArrayList.java:1596)
at java.base/java.util.concurrent.FutureTask.run(FutureTask.java:317)
at java.base/java.util.concurrent.ThreadPoolExecutor.runWorker(ThreadPoolExecutor.java:1144)
at java.base/java.util.concurrent.ThreadPoolExecutor$Worker.run(ThreadPoolExecutor.java:642)
at java.base/java.lang.Thread.run(Thread.java:1583)
... Removed 21 stack frames]]>
    </failure>
  </testcase> <!-- loginErrorValidation -->
</testsuite> <!-- Error Validation -->
