<?xml version="1.0" encoding="UTF-8"?>
<!-- Generated by org.testng.reporters.JUnitXMLReporter -->
<testsuite ignored="0" hostname="DESKTOP-R0DDCFO" failures="0" tests="3" name="Submit Order" time="35.472" errors="0" timestamp="2024-08-05T13:29:54 IST">
  <testcase classname="VidhyaPrakashAutomation.Tests.SubmitOrder" name="submitOrder" time="13.094"/>
  <testcase classname="VidhyaPrakashAutomation.Tests.SubmitOrder" name="submitOrder" time="12.629"/>
  <testcase classname="VidhyaPrakashAutomation.Tests.SubmitOrder" name="orderHistory" time="0.975"/>
</testsuite> <!-- Submit Order -->
