<?xml version="1.0" encoding="UTF-8"?>
<testsuite xmlns:xsi="http://www.w3.org/2001/XMLSchema-instance" xsi:noNamespaceSchemaLocation="https://maven.apache.org/surefire/maven-surefire-plugin/xsd/surefire-test-report.xsd" version="3.0.2" name="TestSuite" time="36.181" tests="5" errors="0" skipped="1" failures="1">
  <properties>
[...]
</properties>
  <testcase name="loginErrorValidation" classname="VidhyaPrakashAutomation.Tests.ErrorValidationTest" time="0.0">
    <skipped message="expected [Incorrect email or password.] but found [Incorrect email password.]"/>
    <system-out><![CDATA[2
]]></system-out>
    <system-err><![CDATA[SLF4J(W): No SLF4J providers were found.
SLF4J(W): Defaulting to no-operation (NOP) logger implementation
SLF4J(W): See https://www.slf4j.org/codes.html#noProviders for further details.
Aug 05, 2024 1:29:20 PM org.openqa.selenium.devtools.CdpVersionFinder findNearestMatch
WARNING: Unable to find an exact match for CDP version 127, returning the closest version; found: 126; Please update to a Selenium version that supports CDP version 127
Aug 05, 2024 1:29:20 PM org.openqa.selenium.devtools.CdpVersionFinder findNearestMatch
WARNING: Unable to find an exact match for CDP version 127, returning the closest version; found: 126; Please update to a Selenium version that supports CDP version 127
]]></system-err>
  </testcase>
  <testcase name="loginErrorValidation" classname="VidhyaPrakashAutomation.Tests.ErrorValidationTest" time="3.093">
    <failure message="expected [Incorrect email or password.] but found [Incorrect email password.]" type="java.lang.AssertionError"><![CDATA[java.lang.AssertionError: expected [Incorrect email or password.] but found [Incorrect email password.]
	at org.testng.Assert.fail(Assert.java:111)
	at org.testng.Assert.failNotEquals(Assert.java:1578)
	at org.testng.Assert.assertEqualsImpl(Assert.java:150)
	at org.testng.Assert.assertEquals(Assert.java:132)
	at org.testng.Assert.assertEquals(Assert.java:656)
	at org.testng.Assert.assertEquals(Assert.java:666)
	at VidhyaPrakashAutomation.Tests.ErrorValidationTest.loginErrorValidation(ErrorValidationTest.java:43)
	at java.base/jdk.internal.reflect.DirectMethodHandleAccessor.invoke(DirectMethodHandleAccessor.java:103)
	at java.base/java.lang.reflect.Method.invoke(Method.java:580)
	at org.testng.internal.invokers.MethodInvocationHelper.invokeMethod(MethodInvocationHelper.java:141)
	at org.testng.internal.invokers.TestInvoker.invokeMethod(TestInvoker.java:686)
	at org.testng.internal.invokers.TestInvoker.retryFailed(TestInvoker.java:269)
	at org.testng.internal.invokers.MethodRunner.runInSequence(MethodRunner.java:76)
	at org.testng.internal.invokers.TestInvoker$MethodInvocationAgent.invoke(TestInvoker.java:992)
	at org.testng.internal.invokers.TestInvoker.invokeTestMethods(TestInvoker.java:203)
	at org.testng.internal.invokers.TestMethodWorker.invokeTestMethods(TestMethodWorker.java:154)
	at org.testng.internal.invokers.TestMethodWorker.run(TestMethodWorker.java:134)
	at java.base/java.util.ArrayList.forEach(ArrayList.java:1596)
	at org.testng.TestRunner.privateRun(TestRunner.java:739)
	at org.testng.TestRunner.run(TestRunner.java:614)
	at org.testng.SuiteRunner.runTest(SuiteRunner.java:421)
	at org.testng.SuiteRunner$SuiteWorker.run(SuiteRunner.java:463)
	at org.testng.internal.thread.ThreadUtil.lambda$execute$0(ThreadUtil.java:64)
	at java.base/java.util.concurrent.FutureTask.run(FutureTask.java:317)
	at java.base/java.util.concurrent.ThreadPoolExecutor.runWorker(ThreadPoolExecutor.java:1144)
	at java.base/java.util.concurrent.ThreadPoolExecutor$Worker.run(ThreadPoolExecutor.java:642)
	at java.base/java.lang.Thread.run(Thread.java:1583)
]]></failure>
    <system-err><![CDATA[Aug 05, 2024 1:29:24 PM org.openqa.selenium.devtools.CdpVersionFinder findNearestMatch
WARNING: Unable to find an exact match for CDP version 127, returning the closest version; found: 126; Please update to a Selenium version that supports CDP version 127
]]></system-err>
  </testcase>
  <testcase name="submitOrder[{password=121122@Vn, email=vidhyaprakash.document@gmail.com}](1)" classname="VidhyaPrakashAutomation.Tests.SubmitOrder" time="9.457">
    <system-out><![CDATA[cart item size 2 is equal to item added 2
THANKYOU FOR THE ORDER.
[| 66b08666ae2afd4c0b3fc3d6 |]
[| 66b08666ae2afd4c0b3fc3d6 |, | 66b08666ae2afd4c0b3fc3d9 |]
No. of ids : 2and order ids are : [| 66b08666ae2afd4c0b3fc3d6 |, | 66b08666ae2afd4c0b3fc3d9 |]
]]></system-out>
  </testcase>
  <testcase name="submitOrder[{password=Iamking@000, email=anshika@gmail.com}](2)" classname="VidhyaPrakashAutomation.Tests.SubmitOrder" time="12.632">
    <system-out><![CDATA[cart item size 2 is equal to item added 2
THANKYOU FOR THE ORDER.
[| 66b08676ae2afd4c0b3fc417 |]
[| 66b08676ae2afd4c0b3fc417 |, | 66b08676ae2afd4c0b3fc41a |]
No. of ids : 2and order ids are : [| 66b08676ae2afd4c0b3fc417 |, | 66b08676ae2afd4c0b3fc41a |]
]]></system-out>
    <system-err><![CDATA[Aug 05, 2024 1:29:36 PM org.openqa.selenium.devtools.CdpVersionFinder findNearestMatch
WARNING: Unable to find an exact match for CDP version 127, returning the closest version; found: 126; Please update to a Selenium version that supports CDP version 127
]]></system-err>
  </testcase>
  <testcase name="orderHistory" classname="VidhyaPrakashAutomation.Tests.SubmitOrder" time="1.017">
    <system-out><![CDATA[user is on Orders History page Your Orders
Order history order ID is: 66b08666ae2afd4c0b3fc3d9
Order id:  | 66b08676ae2afd4c0b3fc417 |
Order id by string:  | 66b08676ae2afd4c0b3fc417 |
Order history order ID is: 66b08666ae2afd4c0b3fc3d9
Order id:  | 66b08676ae2afd4c0b3fc41a |
Order id by string:  | 66b08676ae2afd4c0b3fc41a |
Order history order ID is: 66b08666ae2afd4c0b3fc3d6
Order id:  | 66b08676ae2afd4c0b3fc417 |
Order id by string:  | 66b08676ae2afd4c0b3fc417 |
Order history order ID is: 66b08666ae2afd4c0b3fc3d6
Order id:  | 66b08676ae2afd4c0b3fc41a |
Order id by string:  | 66b08676ae2afd4c0b3fc41a |
Order history order ID is: 66b08612ae2afd4c0b3fc2d3
Order id:  | 66b08676ae2afd4c0b3fc417 |
Order id by string:  | 66b08676ae2afd4c0b3fc417 |
Order history order ID is: 66b08612ae2afd4c0b3fc2d3
Order id:  | 66b08676ae2afd4c0b3fc41a |
Order id by string:  | 66b08676ae2afd4c0b3fc41a |
Order history order ID is: 66b08612ae2afd4c0b3fc2d0
Order id:  | 66b08676ae2afd4c0b3fc417 |
Order id by string:  | 66b08676ae2afd4c0b3fc417 |
Order history order ID is: 66b08612ae2afd4c0b3fc2d0
Order id:  | 66b08676ae2afd4c0b3fc41a |
Order id by string:  | 66b08676ae2afd4c0b3fc41a |
Order history order ID is: 66b08586ae2afd4c0b3fc0f5
Order id:  | 66b08676ae2afd4c0b3fc417 |
Order id by string:  | 66b08676ae2afd4c0b3fc417 |
Order history order ID is: 66b08586ae2afd4c0b3fc0f5
Order id:  | 66b08676ae2afd4c0b3fc41a |
Order id by string:  | 66b08676ae2afd4c0b3fc41a |
Order history order ID is: 66b08586ae2afd4c0b3fc0f2
Order id:  | 66b08676ae2afd4c0b3fc417 |
Order id by string:  | 66b08676ae2afd4c0b3fc417 |
Order history order ID is: 66b08586ae2afd4c0b3fc0f2
Order id:  | 66b08676ae2afd4c0b3fc41a |
Order id by string:  | 66b08676ae2afd4c0b3fc41a |
Order history order ID is: 66b077f2ae2afd4c0b3fabb3
Order id:  | 66b08676ae2afd4c0b3fc417 |
Order id by string:  | 66b08676ae2afd4c0b3fc417 |
Order history order ID is: 66b077f2ae2afd4c0b3fabb3
Order id:  | 66b08676ae2afd4c0b3fc41a |
Order id by string:  | 66b08676ae2afd4c0b3fc41a |
Order history order ID is: 66b077f2ae2afd4c0b3fabb0
Order id:  | 66b08676ae2afd4c0b3fc417 |
Order id by string:  | 66b08676ae2afd4c0b3fc417 |
Order history order ID is: 66b077f2ae2afd4c0b3fabb0
Order id:  | 66b08676ae2afd4c0b3fc41a |
Order id by string:  | 66b08676ae2afd4c0b3fc41a |
]]></system-out>
    <system-err><![CDATA[Aug 05, 2024 1:29:51 PM org.openqa.selenium.devtools.CdpVersionFinder findNearestMatch
WARNING: Unable to find an exact match for CDP version 127, returning the closest version; found: 126; Please update to a Selenium version that supports CDP version 127
]]></system-err>
  </testcase>
</testsuite>