<?xml version="1.0" encoding="UTF-8"?>
<testng-results ignored="0" total="3" passed="3" failed="0" skipped="0">
  <reporter-output>
  </reporter-output>
  <suite started-at="2024-08-05T15:06:57 IST" name="Suite" finished-at="2024-08-05T15:07:48 IST" duration-ms="51311">
    <groups>
      <group name="PurchaseOrder">
        <method signature="SubmitOrder.submitOrder(java.util.HashMap)[pri:0, instance:VidhyaPrakashAutomation.Tests.SubmitOrder@5a59ca5e]" name="submitOrder" class="VidhyaPrakashAutomation.Tests.SubmitOrder"/>
      </group> <!-- PurchaseOrder -->
    </groups>
    <test started-at="2024-08-05T15:06:57 IST" name="Submit Order" finished-at="2024-08-05T15:07:48 IST" duration-ms="51311">
      <class name="VidhyaPrakashAutomation.Tests.SubmitOrder">
        <test-method is-config="true" signature="launchApplication()[pri:0, instance:VidhyaPrakashAutomation.Tests.SubmitOrder@5a59ca5e]" started-at="2024-08-05T15:06:57 IST" name="launchApplication" finished-at="2024-08-05T15:07:03 IST" duration-ms="5943" status="PASS">
          <reporter-output>
          </reporter-output>
        </test-method> <!-- launchApplication -->
        <test-method signature="submitOrder(java.util.HashMap)[pri:0, instance:VidhyaPrakashAutomation.Tests.SubmitOrder@5a59ca5e]" started-at="2024-08-05T15:07:03 IST" name="submitOrder" data-provider="getData" finished-at="2024-08-05T15:07:20 IST" duration-ms="17233" status="PASS">
          <params>
            <param index="0">
              <value>
                <![CDATA[{password=121122@Vn, email=vidhyaprakash.document@gmail.com}]]>
              </value>
            </param>
          </params>
          <reporter-output>
          </reporter-output>
        </test-method> <!-- submitOrder -->
        <test-method is-config="true" signature="tearDown()[pri:0, instance:VidhyaPrakashAutomation.Tests.SubmitOrder@5a59ca5e]" started-at="2024-08-05T15:07:20 IST" name="tearDown" finished-at="2024-08-05T15:07:21 IST" duration-ms="831" status="PASS">
          <reporter-output>
          </reporter-output>
        </test-method> <!-- tearDown -->
        <test-method is-config="true" signature="launchApplication()[pri:0, instance:VidhyaPrakashAutomation.Tests.SubmitOrder@5a59ca5e]" started-at="2024-08-05T15:07:21 IST" name="launchApplication" finished-at="2024-08-05T15:07:25 IST" duration-ms="3474" status="PASS">
          <reporter-output>
          </reporter-output>
        </test-method> <!-- launchApplication -->
        <test-method signature="submitOrder(java.util.HashMap)[pri:0, instance:VidhyaPrakashAutomation.Tests.SubmitOrder@5a59ca5e]" started-at="2024-08-05T15:07:25 IST" name="submitOrder" data-provider="getData" finished-at="2024-08-05T15:07:42 IST" duration-ms="17243" status="PASS">
          <params>
            <param index="0">
              <value>
                <![CDATA[{password=Iamking@000, email=anshika@gmail.com}]]>
              </value>
            </param>
          </params>
          <reporter-output>
          </reporter-output>
        </test-method> <!-- submitOrder -->
        <test-method is-config="true" signature="tearDown()[pri:0, instance:VidhyaPrakashAutomation.Tests.SubmitOrder@5a59ca5e]" started-at="2024-08-05T15:07:42 IST" name="tearDown" finished-at="2024-08-05T15:07:43 IST" duration-ms="779" status="PASS">
          <reporter-output>
          </reporter-output>
        </test-method> <!-- tearDown -->
        <test-method is-config="true" signature="launchApplication()[pri:0, instance:VidhyaPrakashAutomation.Tests.SubmitOrder@5a59ca5e]" started-at="2024-08-05T15:07:43 IST" name="launchApplication" finished-at="2024-08-05T15:07:46 IST" duration-ms="3481" status="PASS">
          <reporter-output>
          </reporter-output>
        </test-method> <!-- launchApplication -->
        <test-method signature="orderHistory()[pri:0, instance:VidhyaPrakashAutomation.Tests.SubmitOrder@5a59ca5e]" started-at="2024-08-05T15:07:46 IST" name="orderHistory" finished-at="2024-08-05T15:07:47 IST" depends-on-methods="VidhyaPrakashAutomation.Tests.SubmitOrder.submitOrder" duration-ms="1219" status="PASS">
          <reporter-output>
          </reporter-output>
        </test-method> <!-- orderHistory -->
        <test-method is-config="true" signature="tearDown()[pri:0, instance:VidhyaPrakashAutomation.Tests.SubmitOrder@5a59ca5e]" started-at="2024-08-05T15:07:47 IST" name="tearDown" finished-at="2024-08-05T15:07:48 IST" duration-ms="602" status="PASS">
          <reporter-output>
          </reporter-output>
        </test-method> <!-- tearDown -->
      </class> <!-- VidhyaPrakashAutomation.Tests.SubmitOrder -->
    </test> <!-- Submit Order -->
  </suite> <!-- Suite -->
</testng-results>
